<?xml version="1.0" encoding="UTF-8"?>
<testsuite xmlns:xsi="http://www.w3.org/2001/XMLSchema-instance" xsi:noNamespaceSchemaLocation="https://maven.apache.org/surefire/maven-surefire-plugin/xsd/surefire-test-report-3.0.xsd" version="3.0" name="testsuite.SoggettoSpecificationTest" time="0.978" tests="4" errors="0" skipped="0" failures="0">
  <properties>
[...]
</properties>
  <testcase name="testNomeFilter" classname="testsuite.SoggettoSpecificationTest" time="0.924"/>
  <testcase name="testReferenteFilter" classname="testsuite.SoggettoSpecificationTest" time="0.005"/>
  <testcase name="testIdSoggettoFilter" classname="testsuite.SoggettoSpecificationTest" time="0.016"/>
  <testcase name="testAderenteFilter" classname="testsuite.SoggettoSpecificationTest" time="0.002"/>
</testsuite>